<?xml version="1.0" encoding="UTF-8"?>
<!-- Generated by org.testng.reporters.JUnitXMLReporter -->
<testsuite ignored="2" hostname="Anusha" failures="1" tests="1" name="Test1(failed)" time="12.625" errors="0" timestamp="2024-05-15T15:30:16 IST">
  <testcase classname="com.comcast.crm.orgTest.CreateOrganizationAllTest" name="createOrg" time="0.012">
    <failure type="java.lang.NullPointerException" message="Cannot invoke &amp;quot;com.aventstack.extentreports.ExtentTest.log(com.aventstack.extentreports.Status, String)&amp;quot; because the return value of &amp;quot;com.comcast.crm.generic.webdriverutility.UtilityClassObject.getTest()&amp;quot; is null">
      <![CDATA[java.lang.NullPointerException: Cannot invoke "com.aventstack.extentreports.ExtentTest.log(com.aventstack.extentreports.Status, String)" because the return value of "com.comcast.crm.generic.webdriverutility.UtilityClassObject.getTest()" is null
at com.comcast.crm.orgTest.CreateOrganizationAllTest.createOrg(CreateOrganizationAllTest.java:22)
at java.base/java.util.ArrayList.forEach(ArrayList.java:1511)
at java.base/java.util.concurrent.FutureTask.run(FutureTask.java:264)
at java.base/java.util.concurrent.ThreadPoolExecutor.runWorker(ThreadPoolExecutor.java:1136)
at java.base/java.util.concurrent.ThreadPoolExecutor$Worker.run(ThreadPoolExecutor.java:635)
at java.base/java.lang.Thread.run(Thread.java:840)
... Removed 18 stack frames]]>
    </failure>
  </testcase> <!-- createOrg -->
  <testcase classname="com.comcast.crm.orgTest.CreateOrganizationAllTest" name="CreateOrgWithPhoneNoTest" time="0.0">
    <ignored/>
  </testcase> <!-- CreateOrgWithPhoneNoTest -->
  <testcase classname="com.comcast.crm.orgTest.CreateOrganizationAllTest" name="createOrgwithIndustry" time="0.0">
    <ignored/>
  </testcase> <!-- createOrgwithIndustry -->
</testsuite> <!-- Test1(failed) -->
