<?xml version="1.0" encoding="UTF-8"?>
<!-- Generated by org.testng.reporters.JUnitXMLReporter -->
<testsuite ignored="0" hostname="Anusha" failures="1" tests="6" name="Default test(failed)" time="0.056" errors="0" timestamp="2024-05-13T17:06:15 IST">
  <testcase classname="practice.Testt.retryL" name="activateSim" time="0.007">
    <skipped/>
  </testcase> <!-- activateSim -->
  <testcase classname="practice.Testt.retryL" name="activateSim" time="0.001">
    <skipped/>
  </testcase> <!-- activateSim -->
  <testcase classname="practice.Testt.retryL" name="activateSim" time="0.001">
    <skipped/>
  </testcase> <!-- activateSim -->
  <testcase classname="practice.Testt.retryL" name="activateSim" time="0.001">
    <skipped/>
  </testcase> <!-- activateSim -->
  <testcase classname="practice.Testt.retryL" name="activateSim" time="0.0">
    <skipped/>
  </testcase> <!-- activateSim -->
  <testcase classname="practice.Testt.retryL" name="activateSim" time="0.002">
    <failure type="java.lang.AssertionError" message="expected [LogIn] but found []">
      <![CDATA[java.lang.AssertionError: expected [LogIn] but found []
at practice.Testt.retryL.activateSim(retryL.java:11)
at java.base/java.util.ArrayList.forEach(ArrayList.java:1511)
... Removed 33 stack frames]]>
    </failure>
  </testcase> <!-- activateSim -->
</testsuite> <!-- Default test(failed) -->
