<?xml version="1.0" encoding="UTF-8"?>
<testng-results ignored="0" total="3" passed="3" failed="0" skipped="0">
  <reporter-output>
  </reporter-output>
  <suite started-at="2024-05-18T12:24:16 IST" name="Default suite" finished-at="2024-05-18T12:25:06 IST" duration-ms="49813">
    <groups>
      <group name="regression">
        <method signature="CreateContactAllBaseClassTest.createContactWithOrg()[pri:0, instance:com.comcast.crm.contactTest.CreateContactAllBaseClassTest@1a6d8329]" name="createContactWithOrg" class="com.comcast.crm.contactTest.CreateContactAllBaseClassTest"/>
      </group> <!-- regression -->
      <group name="smoke">
        <method signature="CreateContactAllBaseClassTest.CreateContact()[pri:0, instance:com.comcast.crm.contactTest.CreateContactAllBaseClassTest@1a6d8329]" name="CreateContact" class="com.comcast.crm.contactTest.CreateContactAllBaseClassTest"/>
        <method signature="CreateContactAllBaseClassTest.createContactWithOrg()[pri:0, instance:com.comcast.crm.contactTest.CreateContactAllBaseClassTest@1a6d8329]" name="createContactWithOrg" class="com.comcast.crm.contactTest.CreateContactAllBaseClassTest"/>
      </group> <!-- smoke -->
    </groups>
    <test started-at="2024-05-18T12:24:16 IST" name="Default test" finished-at="2024-05-18T12:25:06 IST" duration-ms="49813">
      <class name="com.comcast.crm.contactTest.CreateContactAllBaseClassTest">
        <test-method is-config="true" signature="configBS()[pri:0, instance:com.comcast.crm.contactTest.CreateContactAllBaseClassTest@1a6d8329]" started-at="2024-05-18T12:24:16 IST" name="configBS" finished-at="2024-05-18T12:24:16 IST" duration-ms="480" status="PASS">
          <reporter-output>
          </reporter-output>
        </test-method> <!-- configBS -->
        <test-method is-config="true" signature="configBC()[pri:0, instance:com.comcast.crm.contactTest.CreateContactAllBaseClassTest@1a6d8329]" started-at="2024-05-18T12:24:16 IST" name="configBC" finished-at="2024-05-18T12:24:18 IST" duration-ms="2017" status="PASS">
          <reporter-output>
          </reporter-output>
        </test-method> <!-- configBC -->
        <test-method is-config="true" signature="configBM()[pri:0, instance:com.comcast.crm.contactTest.CreateContactAllBaseClassTest@1a6d8329]" started-at="2024-05-18T12:24:18 IST" name="configBM" finished-at="2024-05-18T12:24:27 IST" duration-ms="8526" status="PASS">
          <reporter-output>
          </reporter-output>
        </test-method> <!-- configBM -->
        <test-method signature="CreateContact()[pri:0, instance:com.comcast.crm.contactTest.CreateContactAllBaseClassTest@1a6d8329]" started-at="2024-05-18T12:24:27 IST" name="CreateContact" finished-at="2024-05-18T12:24:41 IST" duration-ms="14600" status="PASS">
          <reporter-output>
          </reporter-output>
        </test-method> <!-- CreateContact -->
        <test-method is-config="true" signature="configAM()[pri:0, instance:com.comcast.crm.contactTest.CreateContactAllBaseClassTest@1a6d8329]" started-at="2024-05-18T12:24:41 IST" name="configAM" finished-at="2024-05-18T12:24:43 IST" duration-ms="1311" status="PASS">
          <reporter-output>
          </reporter-output>
        </test-method> <!-- configAM -->
        <test-method is-config="true" signature="configBM()[pri:0, instance:com.comcast.crm.contactTest.CreateContactAllBaseClassTest@1a6d8329]" started-at="2024-05-18T12:24:43 IST" name="configBM" finished-at="2024-05-18T12:24:44 IST" duration-ms="1607" status="PASS">
          <reporter-output>
          </reporter-output>
        </test-method> <!-- configBM -->
        <test-method signature="createContactWithOrg()[pri:0, instance:com.comcast.crm.contactTest.CreateContactAllBaseClassTest@1a6d8329]" started-at="2024-05-18T12:24:44 IST" name="createContactWithOrg" finished-at="2024-05-18T12:24:56 IST" duration-ms="11532" status="PASS">
          <reporter-output>
          </reporter-output>
        </test-method> <!-- createContactWithOrg -->
        <test-method is-config="true" signature="configAM()[pri:0, instance:com.comcast.crm.contactTest.CreateContactAllBaseClassTest@1a6d8329]" started-at="2024-05-18T12:24:56 IST" name="configAM" finished-at="2024-05-18T12:24:57 IST" duration-ms="875" status="PASS">
          <reporter-output>
          </reporter-output>
        </test-method> <!-- configAM -->
        <test-method is-config="true" signature="configBM()[pri:0, instance:com.comcast.crm.contactTest.CreateContactAllBaseClassTest@1a6d8329]" started-at="2024-05-18T12:24:57 IST" name="configBM" finished-at="2024-05-18T12:24:59 IST" duration-ms="1953" status="PASS">
          <reporter-output>
          </reporter-output>
        </test-method> <!-- configBM -->
        <test-method signature="createContactWithTime()[pri:0, instance:com.comcast.crm.contactTest.CreateContactAllBaseClassTest@1a6d8329]" started-at="2024-05-18T12:24:59 IST" name="createContactWithTime" finished-at="2024-05-18T12:25:05 IST" duration-ms="6288" status="PASS">
          <reporter-output>
          </reporter-output>
        </test-method> <!-- createContactWithTime -->
        <test-method is-config="true" signature="configAM()[pri:0, instance:com.comcast.crm.contactTest.CreateContactAllBaseClassTest@1a6d8329]" started-at="2024-05-18T12:25:05 IST" name="configAM" finished-at="2024-05-18T12:25:06 IST" duration-ms="875" status="PASS">
          <reporter-output>
          </reporter-output>
        </test-method> <!-- configAM -->
        <test-method is-config="true" signature="configAC()[pri:0, instance:com.comcast.crm.contactTest.CreateContactAllBaseClassTest@1a6d8329]" started-at="2024-05-18T12:25:06 IST" name="configAC" finished-at="2024-05-18T12:25:06 IST" duration-ms="193" status="PASS">
          <reporter-output>
          </reporter-output>
        </test-method> <!-- configAC -->
        <test-method is-config="true" signature="configAS()[pri:0, instance:com.comcast.crm.contactTest.CreateContactAllBaseClassTest@1a6d8329]" started-at="2024-05-18T12:25:06 IST" name="configAS" finished-at="2024-05-18T12:25:06 IST" duration-ms="0" status="PASS">
          <reporter-output>
          </reporter-output>
        </test-method> <!-- configAS -->
      </class> <!-- com.comcast.crm.contactTest.CreateContactAllBaseClassTest -->
    </test> <!-- Default test -->
  </suite> <!-- Default suite -->
</testng-results>
