<?xml version="1.0" encoding="UTF-8"?>
<!-- Generated by org.testng.reporters.JUnitXMLReporter -->
<testsuite ignored="0" hostname="Anusha" failures="0" tests="3" name="Default test" time="49.813" errors="0" timestamp="2024-05-18T12:25:06 IST">
  <testcase classname="com.comcast.crm.contactTest.CreateContactAllBaseClassTest" name="CreateContact" time="14.6"/>
  <testcase classname="com.comcast.crm.contactTest.CreateContactAllBaseClassTest" name="createContactWithOrg" time="11.532"/>
  <testcase classname="com.comcast.crm.contactTest.CreateContactAllBaseClassTest" name="createContactWithTime" time="6.288"/>
</testsuite> <!-- Default test -->
